\BOOKMARK [-1][-]{part.1}{I Spolecn\351 povinn\351 okruhy}{}% 1
\BOOKMARK [0][-]{chapter.1}{Z\341klady slo\236itosti a vyc\355slitelnosti}{part.1}% 2
\BOOKMARK [1][-]{section.1.1}{V\375pocetn\355 modely \(Turingovy stroje, RAM\).}{chapter.1}% 3
\BOOKMARK [2][-]{subsection.1.1.1}{Turinguv stroj}{section.1.1}% 4
\BOOKMARK [2][-]{subsection.1.1.2}{RAM \(Random Access Machine\)}{section.1.1}% 5
\BOOKMARK [1][-]{section.1.2}{Rekurzivn\355 a rekurzivne spocetn\351 mno\236iny.}{chapter.1}% 6
\BOOKMARK [1][-]{section.1.3}{Algoritmicky nerozhodnuteln\351 probl\351my \(halting problem\).}{chapter.1}% 7
\BOOKMARK [1][-]{section.1.4}{Nedeterministick\375 v\375pocetn\355 model.}{chapter.1}% 8
\BOOKMARK [2][-]{subsection.1.4.1}{Casov\341 a prostorov\341 slo\236itost NTS}{section.1.4}% 9
\BOOKMARK [1][-]{section.1.5}{Z\341kladn\355 tr\355dy slo\236itosti a jejich vztahy.}{chapter.1}% 10
\BOOKMARK [2][-]{subsection.1.5.1}{Z\341kladn\355 tr\355dy slo\236itosti}{section.1.5}% 11
\BOOKMARK [2][-]{subsection.1.5.2}{Vztahy mezi tr\355dami}{section.1.5}% 12
\BOOKMARK [1][-]{section.1.6}{Vety o hierarchii.}{chapter.1}% 13
\BOOKMARK [2][-]{subsection.1.6.1}{Veta o deterministick\351 prostorov\351 hierarchii}{section.1.6}% 14
\BOOKMARK [2][-]{subsection.1.6.2}{Veta o casov\351 prostorov\351 hierarchii}{section.1.6}% 15
\BOOKMARK [1][-]{section.1.7}{\332pln\351 probl\351my pro tr\355du NP, Cook-Levinova veta.}{chapter.1}% 16
\BOOKMARK [2][-]{subsection.1.7.1}{Polynomi\341ln\355 prevoditelnost, NP-\372plnost}{section.1.7}% 17
\BOOKMARK [2][-]{subsection.1.7.2}{Cook-Levinova veta}{section.1.7}% 18
\BOOKMARK [1][-]{section.1.8}{Pseudopolynomi\341ln\355 algoritmy, siln\341 NP-\372plnost.}{chapter.1}% 19
\BOOKMARK [1][-]{section.1.9}{Aproximacn\355 algoritmy a sch\351mata.}{chapter.1}% 20
\BOOKMARK [0][-]{chapter.2}{Datov\351 struktury}{part.1}% 21
\BOOKMARK [1][-]{section.2.1}{Vyhled\341vac\355 stromy \(\(a,b\)-stromy, Splay stromy\).}{chapter.2}% 22
\BOOKMARK [1][-]{section.2.2}{Haldy \(regul\341rn\355, binomi\341ln\355\).}{chapter.2}% 23
\BOOKMARK [1][-]{section.2.3}{Ha\235ov\341n\355, re\235en\355 koliz\355, univerz\341ln\355 ha\235ov\341n\355, v\375ber ha\235ovac\355 funkce.}{chapter.2}% 24
\BOOKMARK [1][-]{section.2.4}{Anal\375za nejhor\235\355ho, amortizovan\351ho a ocek\341van\351ho chov\341n\355 datov\375ch struktur.}{chapter.2}% 25
\BOOKMARK [1][-]{section.2.5}{Chov\341n\355 a anal\375za datov\375ch struktur na syst\351mech s pametovou hierarchi\355.}{chapter.2}% 26
\BOOKMARK [-1][-]{part.2}{II Inteligentn\355 agenti}{}% 27
\BOOKMARK [0][-]{chapter.3}{Pr\355rodou inspirovan\351 poc\355t\341n\355}{part.2}% 28
\BOOKMARK [1][-]{section.3.1}{Genetick\351 algoritmy, genetick\351 a evolucn\355 programov\341n\355.}{chapter.3}% 29
\BOOKMARK [2][-]{subsection.3.1.1}{Evolucn\355 algoritmy}{section.3.1}% 30
\BOOKMARK [2][-]{subsection.3.1.2}{Genetick\351 algoritmy \(GA\)}{section.3.1}% 31
\BOOKMARK [2][-]{subsection.3.1.3}{Genetick\351 programov\341n\355 \(GP\)}{section.3.1}% 32
\BOOKMARK [2][-]{subsection.3.1.4}{Evolucn\355 programov\341n\355 \(EP\)}{section.3.1}% 33
\BOOKMARK [1][-]{section.3.2}{Teorie sch\351mat, pravdepodobnostn\355 modely jednoduch\351ho genetick\351ho algoritmu.}{chapter.3}% 34
\BOOKMARK [2][-]{subsection.3.2.1}{Sch\351mata}{section.3.2}% 35
\BOOKMARK [2][-]{subsection.3.2.2}{Pravdepodobnostn\355 modely}{section.3.2}% 36
\BOOKMARK [1][-]{section.3.3}{Evolucn\355 strategie, diferenci\341ln\355 evoluce, koevoluce, otevren\341 evoluce.}{chapter.3}% 37
\BOOKMARK [2][-]{subsection.3.3.1}{Evolucn\355 strategie}{section.3.3}% 38
\BOOKMARK [2][-]{subsection.3.3.2}{Diferenci\341ln\355 evoluce}{section.3.3}% 39
\BOOKMARK [2][-]{subsection.3.3.3}{Koevoluce}{section.3.3}% 40
\BOOKMARK [2][-]{subsection.3.3.4}{Otevren\341 evoluce}{section.3.3}% 41
\BOOKMARK [1][-]{section.3.4}{Rojov\351 optimalizacn\355 algoritmy.}{chapter.3}% 42
\BOOKMARK [2][-]{subsection.3.4.1}{Optimalizace hejnem c\341stic}{section.3.4}% 43
\BOOKMARK [2][-]{subsection.3.4.2}{Dal\235\355 rojov\351 optimalizacn\355 algoritmy}{section.3.4}% 44
\BOOKMARK [1][-]{section.3.5}{Memetick\351 algoritmy, hill climbing, simulovan\351 \236\355h\341n\355.}{chapter.3}% 45
\BOOKMARK [1][-]{section.3.6}{Aplikace evolucn\355ch algoritmu \(evoluce expertn\355ch syst\351mu, neuroevoluce, re\235en\355 kombinatorick\375ch \372loh, v\355cekriteri\341ln\355 optimalizace\).}{chapter.3}% 46
\BOOKMARK [2][-]{subsection.3.6.1}{Evoluce expertn\355ch syst\351mu}{section.3.6}% 47
\BOOKMARK [2][-]{subsection.3.6.2}{Neuroevoluce}{section.3.6}% 48
\BOOKMARK [2][-]{subsection.3.6.3}{Re\235en\355 kombinatorick\375ch \372loh}{section.3.6}% 49
\BOOKMARK [2][-]{subsection.3.6.4}{V\355cekriteri\341ln\355 optimalizace \(MOEA \205 Multi-objective EA\)}{section.3.6}% 50
\BOOKMARK [-1][-]{part.3}{III Strojov\351 ucen\355}{}% 51
\BOOKMARK [0][-]{chapter.4}{Strojov\351 ucen\355 a jeho aplikace}{part.3}% 52
\BOOKMARK [1][-]{section.4.1}{Strojov\351 ucen\355; prohled\341v\341n\355 prostoru verz\355, ucen\355 s ucitelem a bez ucitele, pravdepodobnostn\355 pr\355stupy, teoretick\351 aspekty strojov\351ho ucen\355.}{chapter.4}% 53
\BOOKMARK [1][-]{section.4.2}{Evolucn\355 algoritmy; z\341kladn\355 pojmy a teoretick\351 poznatky, hypot\351za o stavebn\355ch bloc\355ch, koevoluce, aplikace evolucn\355ch algoritmu.}{chapter.4}% 54
\BOOKMARK [1][-]{section.4.3}{Strojov\351 ucen\355 v poc\355tacov\351 lingvistice a algoritmy pro statistick\375 parsing.}{chapter.4}% 55
\BOOKMARK [1][-]{section.4.4}{Pravdepodobnostn\355 algoritmy pro anal\375zu biologick\375ch sekvenc\355; hled\341v\341n\355 motivu v DNA, strategie pro detekci genu a predikci struktury proteinu.}{chapter.4}% 56
\BOOKMARK [0][-]{chapter.5}{Neuronov\351 s\355te}{part.3}% 57
\BOOKMARK [1][-]{section.5.1}{Neurofyziologick\351 minimum.}{chapter.5}% 58
\BOOKMARK [2][-]{subsection.5.1.1}{Mozek}{section.5.1}% 59
\BOOKMARK [2][-]{subsection.5.1.2}{Neuron}{section.5.1}% 60
\BOOKMARK [2][-]{subsection.5.1.3}{Prenos sign\341lu}{section.5.1}% 61
\BOOKMARK [2][-]{subsection.5.1.4}{Pamet}{section.5.1}% 62
\BOOKMARK [1][-]{section.5.2}{Modely pro ucen\355 s ucitelem, algoritmus zpetn\351ho \235\355ren\355, strategie pro urychlen\355 ucen\355, regularizacn\355 techniky a generalizace.}{chapter.5}% 63
\BOOKMARK [2][-]{subsection.5.2.1}{Modely pro ucen\355 s ucitelem}{section.5.2}% 64
\BOOKMARK [2][-]{subsection.5.2.2}{Algoritmus zpetn\351ho \235\355ren\355 \(Backpropagation\)}{section.5.2}% 65
\BOOKMARK [2][-]{subsection.5.2.3}{Strategie pro urychlen\355 ucen\355}{section.5.2}% 66
\BOOKMARK [1][-]{section.5.3}{Asociativn\355 pameti, Hebbovsk\351 ucen\355 a hled\341n\355 suboptim\341ln\355ch re\235en\355, stochastick\351 modely.}{chapter.5}% 67
\BOOKMARK [2][-]{subsection.5.3.1}{Asociativn\355 pameti}{section.5.3}% 68
\BOOKMARK [1][-]{section.5.4}{Umel\351 neuronov\351 s\355te zalo\236en\351 na principu ucen\355 bez ucitele.}{chapter.5}% 69
\BOOKMARK [1][-]{section.5.5}{Modul\341rn\355, hierarchick\351 a hybridn\355 modely neuronov\375ch s\355t\355.}{chapter.5}% 70
\BOOKMARK [1][-]{section.5.6}{Genetick\351 algoritmy a jejich vyu\236it\355 pri ucen\355 umel\375ch neuronov\375ch s\355t\355.}{chapter.5}% 71
